2026-02-08 22:08:22,111 INFO HTTP Request: HEAD https://huggingface.co/datasets/Exploration-Lab/IL-TUR/resolve/main/README.md "HTTP/1.1 200 OK"
2026-02-08 22:08:22,286 INFO HTTP Request: HEAD https://huggingface.co/datasets/Exploration-Lab/IL-TUR/resolve/d16219ad0423cc181ec8460d930fd10a907664b6/IL-TUR.py "HTTP/1.1 404 Not Found"
2026-02-08 22:08:22,765 INFO HTTP Request: HEAD https://s3.amazonaws.com/datasets.huggingface.co/datasets/datasets/Exploration-Lab/IL-TUR/Exploration-Lab/IL-TUR.py "HTTP/1.1 404 Not Found"
2026-02-08 22:08:23,044 INFO HTTP Request: GET https://huggingface.co/api/datasets/Exploration-Lab/IL-TUR/revision/d16219ad0423cc181ec8460d930fd10a907664b6 "HTTP/1.1 200 OK"
2026-02-08 22:08:23,216 INFO HTTP Request: HEAD https://huggingface.co/datasets/Exploration-Lab/IL-TUR/resolve/d16219ad0423cc181ec8460d930fd10a907664b6/.huggingface.yaml "HTTP/1.1 404 Not Found"
2026-02-08 22:08:23,580 INFO HTTP Request: GET https://datasets-server.huggingface.co/info?dataset=Exploration-Lab/IL-TUR "HTTP/1.1 200 OK"
2026-02-08 22:08:23,762 INFO HTTP Request: GET https://huggingface.co/api/datasets/Exploration-Lab/IL-TUR/tree/d16219ad0423cc181ec8460d930fd10a907664b6/lner?recursive=true&expand=false "HTTP/1.1 200 OK"
2026-02-08 22:08:23,934 INFO HTTP Request: GET https://huggingface.co/api/datasets/Exploration-Lab/IL-TUR/tree/d16219ad0423cc181ec8460d930fd10a907664b6?recursive=false&expand=false "HTTP/1.1 200 OK"
2026-02-08 22:08:24,104 INFO HTTP Request: HEAD https://huggingface.co/datasets/Exploration-Lab/IL-TUR/resolve/d16219ad0423cc181ec8460d930fd10a907664b6/dataset_infos.json "HTTP/1.1 404 Not Found"
2026-02-08 22:08:24,277 INFO HTTP Request: GET https://huggingface.co/api/datasets/Exploration-Lab/IL-TUR/tree/d16219ad0423cc181ec8460d930fd10a907664b6/cjpe?recursive=true&expand=false "HTTP/1.1 200 OK"
2026-02-08 22:08:38,736 INFO HTTP Request: POST https://api.x.ai/v1/chat/completions "HTTP/1.1 200 OK"
2026-02-08 22:08:40,921 INFO HTTP Request: POST https://api.x.ai/v1/chat/completions "HTTP/1.1 200 OK"
2026-02-08 22:08:40,975 INFO HTTP Request: POST https://api.x.ai/v1/chat/completions "HTTP/1.1 200 OK"
2026-02-08 22:08:43,036 INFO HTTP Request: POST https://api.x.ai/v1/chat/completions "HTTP/1.1 200 OK"
2026-02-08 22:08:43,910 INFO HTTP Request: POST https://api.x.ai/v1/chat/completions "HTTP/1.1 200 OK"
2026-02-08 22:08:43,952 INFO HTTP Request: POST https://api.x.ai/v1/chat/completions "HTTP/1.1 200 OK"
2026-02-08 22:08:44,555 INFO HTTP Request: POST https://api.x.ai/v1/chat/completions "HTTP/1.1 200 OK"
2026-02-08 22:08:44,816 INFO HTTP Request: POST https://api.x.ai/v1/chat/completions "HTTP/1.1 200 OK"
2026-02-08 22:08:44,859 INFO HTTP Request: POST https://api.x.ai/v1/chat/completions "HTTP/1.1 200 OK"
2026-02-08 22:08:45,843 INFO HTTP Request: POST https://api.x.ai/v1/chat/completions "HTTP/1.1 200 OK"
2026-02-08 22:08:45,950 INFO HTTP Request: POST https://api.x.ai/v1/chat/completions "HTTP/1.1 200 OK"
2026-02-08 22:08:47,548 INFO HTTP Request: POST https://api.x.ai/v1/chat/completions "HTTP/1.1 200 OK"
2026-02-08 22:08:49,145 INFO HTTP Request: POST https://api.x.ai/v1/chat/completions "HTTP/1.1 200 OK"
2026-02-08 22:08:50,084 INFO HTTP Request: POST https://api.x.ai/v1/chat/completions "HTTP/1.1 200 OK"
2026-02-08 22:08:51,332 INFO HTTP Request: POST https://api.x.ai/v1/chat/completions "HTTP/1.1 200 OK"
2026-02-08 22:08:56,623 INFO HTTP Request: POST https://api.x.ai/v1/chat/completions "HTTP/1.1 200 OK"
2026-02-08 22:08:58,637 INFO HTTP Request: POST https://api.x.ai/v1/chat/completions "HTTP/1.1 200 OK"
2026-02-08 22:09:00,179 INFO HTTP Request: POST https://api.x.ai/v1/chat/completions "HTTP/1.1 200 OK"
2026-02-08 22:09:09,452 INFO HTTP Request: POST https://api.x.ai/v1/chat/completions "HTTP/1.1 200 OK"
2026-02-08 22:09:13,130 INFO HTTP Request: POST https://api.x.ai/v1/chat/completions "HTTP/1.1 200 OK"
2026-02-08 22:11:06,419 INFO HTTP Request: HEAD https://huggingface.co/datasets/Exploration-Lab/IL-TUR/resolve/main/README.md "HTTP/1.1 200 OK"
2026-02-08 22:11:06,585 INFO HTTP Request: HEAD https://huggingface.co/datasets/Exploration-Lab/IL-TUR/resolve/d16219ad0423cc181ec8460d930fd10a907664b6/IL-TUR.py "HTTP/1.1 404 Not Found"
2026-02-08 22:11:07,077 INFO HTTP Request: HEAD https://s3.amazonaws.com/datasets.huggingface.co/datasets/datasets/Exploration-Lab/IL-TUR/Exploration-Lab/IL-TUR.py "HTTP/1.1 404 Not Found"
2026-02-08 22:11:07,285 INFO HTTP Request: GET https://huggingface.co/api/datasets/Exploration-Lab/IL-TUR/revision/d16219ad0423cc181ec8460d930fd10a907664b6 "HTTP/1.1 200 OK"
2026-02-08 22:11:07,447 INFO HTTP Request: HEAD https://huggingface.co/datasets/Exploration-Lab/IL-TUR/resolve/d16219ad0423cc181ec8460d930fd10a907664b6/.huggingface.yaml "HTTP/1.1 404 Not Found"
2026-02-08 22:11:07,746 INFO HTTP Request: GET https://datasets-server.huggingface.co/info?dataset=Exploration-Lab/IL-TUR "HTTP/1.1 200 OK"
2026-02-08 22:11:07,909 INFO HTTP Request: GET https://huggingface.co/api/datasets/Exploration-Lab/IL-TUR/tree/d16219ad0423cc181ec8460d930fd10a907664b6/lner?recursive=true&expand=false "HTTP/1.1 200 OK"
2026-02-08 22:11:08,074 INFO HTTP Request: GET https://huggingface.co/api/datasets/Exploration-Lab/IL-TUR/tree/d16219ad0423cc181ec8460d930fd10a907664b6?recursive=false&expand=false "HTTP/1.1 200 OK"
2026-02-08 22:11:08,250 INFO HTTP Request: HEAD https://huggingface.co/datasets/Exploration-Lab/IL-TUR/resolve/d16219ad0423cc181ec8460d930fd10a907664b6/dataset_infos.json "HTTP/1.1 404 Not Found"
2026-02-08 22:11:08,417 INFO HTTP Request: GET https://huggingface.co/api/datasets/Exploration-Lab/IL-TUR/tree/d16219ad0423cc181ec8460d930fd10a907664b6/cjpe?recursive=true&expand=false "HTTP/1.1 200 OK"
2026-02-08 22:11:25,885 INFO HTTP Request: POST https://api.x.ai/v1/chat/completions "HTTP/1.1 200 OK"
2026-02-08 22:11:27,117 INFO HTTP Request: POST https://api.x.ai/v1/chat/completions "HTTP/1.1 200 OK"
2026-02-08 22:11:27,265 INFO HTTP Request: POST https://api.x.ai/v1/chat/completions "HTTP/1.1 200 OK"
2026-02-08 22:11:27,269 INFO HTTP Request: POST https://api.x.ai/v1/chat/completions "HTTP/1.1 200 OK"
2026-02-08 22:11:28,899 INFO HTTP Request: POST https://api.x.ai/v1/chat/completions "HTTP/1.1 200 OK"
2026-02-08 22:11:29,825 INFO HTTP Request: POST https://api.x.ai/v1/chat/completions "HTTP/1.1 200 OK"
2026-02-08 22:11:30,558 INFO HTTP Request: POST https://api.x.ai/v1/chat/completions "HTTP/1.1 200 OK"
2026-02-08 22:11:31,645 INFO HTTP Request: POST https://api.x.ai/v1/chat/completions "HTTP/1.1 200 OK"
2026-02-08 22:11:32,808 INFO HTTP Request: POST https://api.x.ai/v1/chat/completions "HTTP/1.1 200 OK"
2026-02-08 22:11:33,793 INFO HTTP Request: POST https://api.x.ai/v1/chat/completions "HTTP/1.1 200 OK"
2026-02-08 22:11:33,914 INFO HTTP Request: POST https://api.x.ai/v1/chat/completions "HTTP/1.1 200 OK"
2026-02-08 22:11:35,002 INFO HTTP Request: POST https://api.x.ai/v1/chat/completions "HTTP/1.1 200 OK"
2026-02-08 22:11:35,127 INFO HTTP Request: POST https://api.x.ai/v1/chat/completions "HTTP/1.1 200 OK"
2026-02-08 22:11:35,182 INFO HTTP Request: POST https://api.x.ai/v1/chat/completions "HTTP/1.1 200 OK"
2026-02-08 22:11:35,857 INFO HTTP Request: POST https://api.x.ai/v1/chat/completions "HTTP/1.1 200 OK"
2026-02-08 22:11:36,343 INFO HTTP Request: POST https://api.x.ai/v1/chat/completions "HTTP/1.1 200 OK"
2026-02-08 22:11:36,759 INFO HTTP Request: POST https://api.x.ai/v1/chat/completions "HTTP/1.1 200 OK"
2026-02-08 22:11:39,569 INFO HTTP Request: POST https://api.x.ai/v1/chat/completions "HTTP/1.1 200 OK"
2026-02-08 22:11:40,585 INFO HTTP Request: POST https://api.x.ai/v1/chat/completions "HTTP/1.1 200 OK"
2026-02-08 22:11:42,309 INFO HTTP Request: POST https://api.x.ai/v1/chat/completions "HTTP/1.1 200 OK"
2026-02-08 22:11:56,498 INFO HTTP Request: POST https://api.x.ai/v1/chat/completions "HTTP/1.1 200 OK"
2026-02-08 22:11:58,672 INFO HTTP Request: POST https://api.x.ai/v1/chat/completions "HTTP/1.1 200 OK"
2026-02-08 22:11:59,464 INFO HTTP Request: POST https://api.x.ai/v1/chat/completions "HTTP/1.1 200 OK"
2026-02-08 22:12:00,997 INFO HTTP Request: POST https://api.x.ai/v1/chat/completions "HTTP/1.1 200 OK"
2026-02-08 22:12:01,660 INFO HTTP Request: POST https://api.x.ai/v1/chat/completions "HTTP/1.1 200 OK"
2026-02-08 22:12:03,269 INFO HTTP Request: POST https://api.x.ai/v1/chat/completions "HTTP/1.1 200 OK"
2026-02-08 22:12:04,094 INFO HTTP Request: POST https://api.x.ai/v1/chat/completions "HTTP/1.1 200 OK"
2026-02-08 22:12:04,569 INFO HTTP Request: POST https://api.x.ai/v1/chat/completions "HTTP/1.1 200 OK"
2026-02-08 22:12:04,667 INFO HTTP Request: POST https://api.x.ai/v1/chat/completions "HTTP/1.1 200 OK"
2026-02-08 22:12:06,734 INFO HTTP Request: POST https://api.x.ai/v1/chat/completions "HTTP/1.1 200 OK"
2026-02-08 22:12:08,272 INFO HTTP Request: POST https://api.x.ai/v1/chat/completions "HTTP/1.1 200 OK"
2026-02-08 22:12:08,643 INFO HTTP Request: POST https://api.x.ai/v1/chat/completions "HTTP/1.1 200 OK"
2026-02-08 22:12:09,128 INFO HTTP Request: POST https://api.x.ai/v1/chat/completions "HTTP/1.1 200 OK"
2026-02-08 22:12:09,248 INFO HTTP Request: POST https://api.x.ai/v1/chat/completions "HTTP/1.1 200 OK"
2026-02-08 22:12:10,345 INFO HTTP Request: POST https://api.x.ai/v1/chat/completions "HTTP/1.1 200 OK"
2026-02-08 22:12:11,718 INFO HTTP Request: POST https://api.x.ai/v1/chat/completions "HTTP/1.1 200 OK"
2026-02-08 22:12:12,113 INFO HTTP Request: POST https://api.x.ai/v1/chat/completions "HTTP/1.1 200 OK"
2026-02-08 22:12:12,695 INFO HTTP Request: POST https://api.x.ai/v1/chat/completions "HTTP/1.1 200 OK"
2026-02-08 22:12:13,266 INFO HTTP Request: POST https://api.x.ai/v1/chat/completions "HTTP/1.1 200 OK"
2026-02-08 22:12:14,479 INFO HTTP Request: POST https://api.x.ai/v1/chat/completions "HTTP/1.1 200 OK"
2026-02-08 22:12:32,097 INFO HTTP Request: POST https://api.x.ai/v1/chat/completions "HTTP/1.1 200 OK"
2026-02-08 22:12:33,145 INFO HTTP Request: POST https://api.x.ai/v1/chat/completions "HTTP/1.1 200 OK"
2026-02-08 22:12:33,634 INFO HTTP Request: POST https://api.x.ai/v1/chat/completions "HTTP/1.1 200 OK"
2026-02-08 22:12:33,805 INFO HTTP Request: POST https://api.x.ai/v1/chat/completions "HTTP/1.1 200 OK"
2026-02-08 22:12:34,450 INFO HTTP Request: POST https://api.x.ai/v1/chat/completions "HTTP/1.1 200 OK"
2026-02-08 22:12:35,668 INFO HTTP Request: POST https://api.x.ai/v1/chat/completions "HTTP/1.1 200 OK"
2026-02-08 22:12:36,184 INFO HTTP Request: POST https://api.x.ai/v1/chat/completions "HTTP/1.1 200 OK"
2026-02-08 22:12:36,854 INFO HTTP Request: POST https://api.x.ai/v1/chat/completions "HTTP/1.1 200 OK"
2026-02-08 22:12:37,178 INFO HTTP Request: POST https://api.x.ai/v1/chat/completions "HTTP/1.1 200 OK"
2026-02-08 22:12:37,718 INFO HTTP Request: POST https://api.x.ai/v1/chat/completions "HTTP/1.1 200 OK"
2026-02-08 22:12:37,941 INFO HTTP Request: POST https://api.x.ai/v1/chat/completions "HTTP/1.1 200 OK"
2026-02-08 22:12:38,110 INFO HTTP Request: POST https://api.x.ai/v1/chat/completions "HTTP/1.1 200 OK"
2026-02-08 22:12:38,759 INFO HTTP Request: POST https://api.x.ai/v1/chat/completions "HTTP/1.1 200 OK"
2026-02-08 22:12:41,477 INFO HTTP Request: POST https://api.x.ai/v1/chat/completions "HTTP/1.1 200 OK"
2026-02-08 22:12:42,371 INFO HTTP Request: POST https://api.x.ai/v1/chat/completions "HTTP/1.1 200 OK"
2026-02-08 22:12:42,904 INFO HTTP Request: POST https://api.x.ai/v1/chat/completions "HTTP/1.1 200 OK"
2026-02-08 22:12:44,420 INFO HTTP Request: POST https://api.x.ai/v1/chat/completions "HTTP/1.1 200 OK"
2026-02-08 22:12:44,534 INFO HTTP Request: POST https://api.x.ai/v1/chat/completions "HTTP/1.1 200 OK"
2026-02-08 22:12:52,122 INFO HTTP Request: POST https://api.x.ai/v1/chat/completions "HTTP/1.1 200 OK"
2026-02-08 22:12:58,649 INFO HTTP Request: POST https://api.x.ai/v1/chat/completions "HTTP/1.1 200 OK"
2026-02-08 22:13:18,910 INFO HTTP Request: POST https://api.x.ai/v1/chat/completions "HTTP/1.1 200 OK"
2026-02-08 22:13:19,637 INFO HTTP Request: POST https://api.x.ai/v1/chat/completions "HTTP/1.1 200 OK"
2026-02-08 22:13:21,535 INFO HTTP Request: POST https://api.x.ai/v1/chat/completions "HTTP/1.1 200 OK"
2026-02-08 22:13:21,733 INFO HTTP Request: POST https://api.x.ai/v1/chat/completions "HTTP/1.1 200 OK"
2026-02-08 22:13:21,948 INFO HTTP Request: POST https://api.x.ai/v1/chat/completions "HTTP/1.1 200 OK"
2026-02-08 22:13:22,389 INFO HTTP Request: POST https://api.x.ai/v1/chat/completions "HTTP/1.1 200 OK"
2026-02-08 22:13:22,703 INFO HTTP Request: POST https://api.x.ai/v1/chat/completions "HTTP/1.1 200 OK"
2026-02-08 22:13:23,320 INFO HTTP Request: POST https://api.x.ai/v1/chat/completions "HTTP/1.1 200 OK"
2026-02-08 22:13:23,747 INFO HTTP Request: POST https://api.x.ai/v1/chat/completions "HTTP/1.1 200 OK"
2026-02-08 22:13:24,285 INFO HTTP Request: POST https://api.x.ai/v1/chat/completions "HTTP/1.1 200 OK"
2026-02-08 22:13:26,880 INFO HTTP Request: POST https://api.x.ai/v1/chat/completions "HTTP/1.1 200 OK"
2026-02-08 22:13:27,644 INFO HTTP Request: POST https://api.x.ai/v1/chat/completions "HTTP/1.1 200 OK"
2026-02-08 22:13:29,131 INFO HTTP Request: POST https://api.x.ai/v1/chat/completions "HTTP/1.1 200 OK"
2026-02-08 22:13:30,249 INFO HTTP Request: POST https://api.x.ai/v1/chat/completions "HTTP/1.1 200 OK"
2026-02-08 22:13:31,776 INFO HTTP Request: POST https://api.x.ai/v1/chat/completions "HTTP/1.1 200 OK"
2026-02-08 22:13:32,958 INFO HTTP Request: POST https://api.x.ai/v1/chat/completions "HTTP/1.1 200 OK"
2026-02-08 22:13:33,937 INFO HTTP Request: POST https://api.x.ai/v1/chat/completions "HTTP/1.1 200 OK"
2026-02-08 22:13:34,249 INFO HTTP Request: POST https://api.x.ai/v1/chat/completions "HTTP/1.1 200 OK"
2026-02-08 22:13:36,846 INFO HTTP Request: POST https://api.x.ai/v1/chat/completions "HTTP/1.1 200 OK"
2026-02-08 22:13:37,197 INFO HTTP Request: POST https://api.x.ai/v1/chat/completions "HTTP/1.1 200 OK"
2026-02-08 22:13:55,250 INFO HTTP Request: POST https://api.x.ai/v1/chat/completions "HTTP/1.1 200 OK"
2026-02-08 22:13:56,386 INFO HTTP Request: POST https://api.x.ai/v1/chat/completions "HTTP/1.1 200 OK"
2026-02-08 22:13:57,640 INFO HTTP Request: POST https://api.x.ai/v1/chat/completions "HTTP/1.1 200 OK"
2026-02-08 22:13:58,065 INFO HTTP Request: POST https://api.x.ai/v1/chat/completions "HTTP/1.1 200 OK"
2026-02-08 22:13:58,125 INFO HTTP Request: POST https://api.x.ai/v1/chat/completions "HTTP/1.1 200 OK"
2026-02-08 22:13:59,020 INFO HTTP Request: POST https://api.x.ai/v1/chat/completions "HTTP/1.1 200 OK"
2026-02-08 22:14:00,569 INFO HTTP Request: POST https://api.x.ai/v1/chat/completions "HTTP/1.1 200 OK"
2026-02-08 22:14:01,728 INFO HTTP Request: POST https://api.x.ai/v1/chat/completions "HTTP/1.1 200 OK"
2026-02-08 22:14:02,135 INFO HTTP Request: POST https://api.x.ai/v1/chat/completions "HTTP/1.1 200 OK"
2026-02-08 22:14:02,437 INFO HTTP Request: POST https://api.x.ai/v1/chat/completions "HTTP/1.1 200 OK"
2026-02-08 22:14:02,792 INFO HTTP Request: POST https://api.x.ai/v1/chat/completions "HTTP/1.1 200 OK"
2026-02-08 22:14:03,619 INFO HTTP Request: POST https://api.x.ai/v1/chat/completions "HTTP/1.1 200 OK"
2026-02-08 22:14:04,440 INFO HTTP Request: POST https://api.x.ai/v1/chat/completions "HTTP/1.1 200 OK"
2026-02-08 22:14:06,425 INFO HTTP Request: POST https://api.x.ai/v1/chat/completions "HTTP/1.1 200 OK"
2026-02-08 22:14:07,303 INFO HTTP Request: POST https://api.x.ai/v1/chat/completions "HTTP/1.1 200 OK"
2026-02-08 22:14:07,563 INFO HTTP Request: POST https://api.x.ai/v1/chat/completions "HTTP/1.1 200 OK"
2026-02-08 22:14:09,553 INFO HTTP Request: POST https://api.x.ai/v1/chat/completions "HTTP/1.1 200 OK"
2026-02-08 22:14:10,461 INFO HTTP Request: POST https://api.x.ai/v1/chat/completions "HTTP/1.1 200 OK"
2026-02-08 22:14:15,364 INFO HTTP Request: POST https://api.x.ai/v1/chat/completions "HTTP/1.1 200 OK"
2026-02-08 22:14:15,504 INFO HTTP Request: POST https://api.x.ai/v1/chat/completions "HTTP/1.1 200 OK"
2026-02-08 22:14:32,274 INFO HTTP Request: POST https://api.x.ai/v1/chat/completions "HTTP/1.1 200 OK"
2026-02-08 22:14:33,368 INFO HTTP Request: POST https://api.x.ai/v1/chat/completions "HTTP/1.1 200 OK"
2026-02-08 22:14:33,512 INFO HTTP Request: POST https://api.x.ai/v1/chat/completions "HTTP/1.1 200 OK"
2026-02-08 22:14:34,091 INFO HTTP Request: POST https://api.x.ai/v1/chat/completions "HTTP/1.1 200 OK"
2026-02-08 22:14:35,575 INFO HTTP Request: POST https://api.x.ai/v1/chat/completions "HTTP/1.1 200 OK"
2026-02-08 22:14:36,071 INFO HTTP Request: POST https://api.x.ai/v1/chat/completions "HTTP/1.1 200 OK"
2026-02-08 22:14:36,136 INFO HTTP Request: POST https://api.x.ai/v1/chat/completions "HTTP/1.1 200 OK"
2026-02-08 22:14:38,151 INFO HTTP Request: POST https://api.x.ai/v1/chat/completions "HTTP/1.1 200 OK"
2026-02-08 22:14:38,523 INFO HTTP Request: POST https://api.x.ai/v1/chat/completions "HTTP/1.1 200 OK"
2026-02-08 22:14:38,722 INFO HTTP Request: POST https://api.x.ai/v1/chat/completions "HTTP/1.1 200 OK"
2026-02-08 22:14:38,991 INFO HTTP Request: POST https://api.x.ai/v1/chat/completions "HTTP/1.1 200 OK"
2026-02-08 22:14:39,125 INFO HTTP Request: POST https://api.x.ai/v1/chat/completions "HTTP/1.1 200 OK"
2026-02-08 22:14:40,727 INFO HTTP Request: POST https://api.x.ai/v1/chat/completions "HTTP/1.1 200 OK"
2026-02-08 22:14:43,158 INFO HTTP Request: POST https://api.x.ai/v1/chat/completions "HTTP/1.1 200 OK"
2026-02-08 22:14:44,126 INFO HTTP Request: POST https://api.x.ai/v1/chat/completions "HTTP/1.1 200 OK"
2026-02-08 22:14:44,160 INFO HTTP Request: POST https://api.x.ai/v1/chat/completions "HTTP/1.1 200 OK"
2026-02-08 22:14:44,282 INFO HTTP Request: POST https://api.x.ai/v1/chat/completions "HTTP/1.1 200 OK"
2026-02-08 22:14:45,605 INFO HTTP Request: POST https://api.x.ai/v1/chat/completions "HTTP/1.1 200 OK"
2026-02-08 22:14:45,984 INFO HTTP Request: POST https://api.x.ai/v1/chat/completions "HTTP/1.1 200 OK"
2026-02-08 22:14:46,632 INFO HTTP Request: POST https://api.x.ai/v1/chat/completions "HTTP/1.1 200 OK"
2026-02-08 22:14:59,462 INFO HTTP Request: POST https://api.x.ai/v1/chat/completions "HTTP/1.1 200 OK"
2026-02-08 22:15:02,358 INFO HTTP Request: POST https://api.x.ai/v1/chat/completions "HTTP/1.1 200 OK"
2026-02-08 22:15:02,902 INFO HTTP Request: POST https://api.x.ai/v1/chat/completions "HTTP/1.1 200 OK"
2026-02-08 22:15:07,333 INFO HTTP Request: POST https://api.x.ai/v1/chat/completions "HTTP/1.1 200 OK"
2026-02-08 22:15:07,599 INFO HTTP Request: POST https://api.x.ai/v1/chat/completions "HTTP/1.1 200 OK"
2026-02-08 22:15:07,674 INFO HTTP Request: POST https://api.x.ai/v1/chat/completions "HTTP/1.1 200 OK"
2026-02-08 22:15:08,092 INFO HTTP Request: POST https://api.x.ai/v1/chat/completions "HTTP/1.1 200 OK"
2026-02-08 22:15:09,857 INFO HTTP Request: POST https://api.x.ai/v1/chat/completions "HTTP/1.1 200 OK"
2026-02-08 22:15:10,445 INFO HTTP Request: POST https://api.x.ai/v1/chat/completions "HTTP/1.1 200 OK"
2026-02-08 22:15:10,452 INFO HTTP Request: POST https://api.x.ai/v1/chat/completions "HTTP/1.1 200 OK"
2026-02-08 22:15:10,593 INFO HTTP Request: POST https://api.x.ai/v1/chat/completions "HTTP/1.1 200 OK"
2026-02-08 22:15:10,725 INFO HTTP Request: POST https://api.x.ai/v1/chat/completions "HTTP/1.1 200 OK"
2026-02-08 22:15:10,769 INFO HTTP Request: POST https://api.x.ai/v1/chat/completions "HTTP/1.1 200 OK"
2026-02-08 22:15:11,222 INFO HTTP Request: POST https://api.x.ai/v1/chat/completions "HTTP/1.1 200 OK"
2026-02-08 22:15:12,211 INFO HTTP Request: POST https://api.x.ai/v1/chat/completions "HTTP/1.1 200 OK"
2026-02-08 22:15:13,570 INFO HTTP Request: POST https://api.x.ai/v1/chat/completions "HTTP/1.1 200 OK"
2026-02-08 22:15:16,702 INFO HTTP Request: POST https://api.x.ai/v1/chat/completions "HTTP/1.1 200 OK"
2026-02-08 22:15:18,160 INFO HTTP Request: POST https://api.x.ai/v1/chat/completions "HTTP/1.1 200 OK"
2026-02-08 22:15:19,021 INFO HTTP Request: POST https://api.x.ai/v1/chat/completions "HTTP/1.1 200 OK"
2026-02-08 22:15:19,196 INFO HTTP Request: POST https://api.x.ai/v1/chat/completions "HTTP/1.1 200 OK"
2026-02-08 22:15:34,938 INFO HTTP Request: POST https://api.x.ai/v1/chat/completions "HTTP/1.1 200 OK"
2026-02-08 22:15:36,137 INFO HTTP Request: POST https://api.x.ai/v1/chat/completions "HTTP/1.1 200 OK"
2026-02-08 22:15:36,449 INFO HTTP Request: POST https://api.x.ai/v1/chat/completions "HTTP/1.1 200 OK"
2026-02-08 22:15:39,910 INFO HTTP Request: POST https://api.x.ai/v1/chat/completions "HTTP/1.1 200 OK"
2026-02-08 22:15:41,967 INFO HTTP Request: POST https://api.x.ai/v1/chat/completions "HTTP/1.1 200 OK"
2026-02-08 22:15:42,415 INFO HTTP Request: POST https://api.x.ai/v1/chat/completions "HTTP/1.1 200 OK"
2026-02-08 22:15:43,217 INFO HTTP Request: POST https://api.x.ai/v1/chat/completions "HTTP/1.1 200 OK"
2026-02-08 22:15:43,670 INFO HTTP Request: POST https://api.x.ai/v1/chat/completions "HTTP/1.1 200 OK"
2026-02-08 22:15:44,591 INFO HTTP Request: POST https://api.x.ai/v1/chat/completions "HTTP/1.1 200 OK"
2026-02-08 22:15:44,965 INFO HTTP Request: POST https://api.x.ai/v1/chat/completions "HTTP/1.1 200 OK"
2026-02-08 22:15:45,035 INFO HTTP Request: POST https://api.x.ai/v1/chat/completions "HTTP/1.1 200 OK"
2026-02-08 22:15:46,389 INFO HTTP Request: POST https://api.x.ai/v1/chat/completions "HTTP/1.1 200 OK"
2026-02-08 22:15:46,717 INFO HTTP Request: POST https://api.x.ai/v1/chat/completions "HTTP/1.1 200 OK"
2026-02-08 22:15:46,775 INFO HTTP Request: POST https://api.x.ai/v1/chat/completions "HTTP/1.1 200 OK"
2026-02-08 22:15:47,309 INFO HTTP Request: POST https://api.x.ai/v1/chat/completions "HTTP/1.1 200 OK"
2026-02-08 22:15:48,365 INFO HTTP Request: POST https://api.x.ai/v1/chat/completions "HTTP/1.1 200 OK"
2026-02-08 22:15:51,414 INFO HTTP Request: POST https://api.x.ai/v1/chat/completions "HTTP/1.1 200 OK"
2026-02-08 22:15:52,025 INFO HTTP Request: POST https://api.x.ai/v1/chat/completions "HTTP/1.1 200 OK"
2026-02-08 22:15:55,333 INFO HTTP Request: POST https://api.x.ai/v1/chat/completions "HTTP/1.1 200 OK"
2026-02-08 22:15:57,493 INFO HTTP Request: POST https://api.x.ai/v1/chat/completions "HTTP/1.1 200 OK"
2026-02-08 22:16:14,361 INFO HTTP Request: POST https://api.x.ai/v1/chat/completions "HTTP/1.1 200 OK"
2026-02-08 22:16:14,477 INFO HTTP Request: POST https://api.x.ai/v1/chat/completions "HTTP/1.1 200 OK"
2026-02-08 22:16:15,536 INFO HTTP Request: POST https://api.x.ai/v1/chat/completions "HTTP/1.1 200 OK"
2026-02-08 22:16:17,239 INFO HTTP Request: POST https://api.x.ai/v1/chat/completions "HTTP/1.1 200 OK"
2026-02-08 22:16:18,233 INFO HTTP Request: POST https://api.x.ai/v1/chat/completions "HTTP/1.1 200 OK"
2026-02-08 22:16:18,255 INFO HTTP Request: POST https://api.x.ai/v1/chat/completions "HTTP/1.1 200 OK"
2026-02-08 22:16:19,446 INFO HTTP Request: POST https://api.x.ai/v1/chat/completions "HTTP/1.1 200 OK"
2026-02-08 22:16:19,558 INFO HTTP Request: POST https://api.x.ai/v1/chat/completions "HTTP/1.1 200 OK"
2026-02-08 22:16:21,679 INFO HTTP Request: POST https://api.x.ai/v1/chat/completions "HTTP/1.1 200 OK"
2026-02-08 22:16:23,508 INFO HTTP Request: POST https://api.x.ai/v1/chat/completions "HTTP/1.1 200 OK"
2026-02-08 22:16:23,887 INFO HTTP Request: POST https://api.x.ai/v1/chat/completions "HTTP/1.1 200 OK"
2026-02-08 22:16:24,263 INFO HTTP Request: POST https://api.x.ai/v1/chat/completions "HTTP/1.1 200 OK"
2026-02-08 22:16:24,417 INFO HTTP Request: POST https://api.x.ai/v1/chat/completions "HTTP/1.1 200 OK"
2026-02-08 22:16:25,549 INFO HTTP Request: POST https://api.x.ai/v1/chat/completions "HTTP/1.1 200 OK"
2026-02-08 22:16:26,987 INFO HTTP Request: POST https://api.x.ai/v1/chat/completions "HTTP/1.1 200 OK"
2026-02-08 22:16:26,998 INFO HTTP Request: POST https://api.x.ai/v1/chat/completions "HTTP/1.1 200 OK"
2026-02-08 22:16:27,483 INFO HTTP Request: POST https://api.x.ai/v1/chat/completions "HTTP/1.1 200 OK"
2026-02-08 22:16:33,939 INFO HTTP Request: POST https://api.x.ai/v1/chat/completions "HTTP/1.1 200 OK"
2026-02-08 22:16:34,023 INFO HTTP Request: POST https://api.x.ai/v1/chat/completions "HTTP/1.1 200 OK"
2026-02-08 22:16:37,657 INFO HTTP Request: POST https://api.x.ai/v1/chat/completions "HTTP/1.1 200 OK"
2026-02-08 22:16:56,649 INFO HTTP Request: POST https://api.x.ai/v1/chat/completions "HTTP/1.1 200 OK"
2026-02-08 22:16:56,882 INFO HTTP Request: POST https://api.x.ai/v1/chat/completions "HTTP/1.1 200 OK"
2026-02-08 22:16:59,635 INFO HTTP Request: POST https://api.x.ai/v1/chat/completions "HTTP/1.1 200 OK"
2026-02-08 22:17:00,561 INFO HTTP Request: POST https://api.x.ai/v1/chat/completions "HTTP/1.1 200 OK"
2026-02-08 22:17:00,688 INFO HTTP Request: POST https://api.x.ai/v1/chat/completions "HTTP/1.1 200 OK"
2026-02-08 22:17:00,867 INFO HTTP Request: POST https://api.x.ai/v1/chat/completions "HTTP/1.1 200 OK"
2026-02-08 22:17:01,973 INFO HTTP Request: POST https://api.x.ai/v1/chat/completions "HTTP/1.1 200 OK"
2026-02-08 22:17:03,419 INFO HTTP Request: POST https://api.x.ai/v1/chat/completions "HTTP/1.1 200 OK"
2026-02-08 22:17:03,797 INFO HTTP Request: POST https://api.x.ai/v1/chat/completions "HTTP/1.1 200 OK"
2026-02-08 22:17:03,855 INFO HTTP Request: POST https://api.x.ai/v1/chat/completions "HTTP/1.1 200 OK"
2026-02-08 22:17:05,681 INFO HTTP Request: POST https://api.x.ai/v1/chat/completions "HTTP/1.1 200 OK"
2026-02-08 22:17:05,843 INFO HTTP Request: POST https://api.x.ai/v1/chat/completions "HTTP/1.1 200 OK"
2026-02-08 22:17:06,485 INFO HTTP Request: POST https://api.x.ai/v1/chat/completions "HTTP/1.1 200 OK"
2026-02-08 22:17:07,371 INFO HTTP Request: POST https://api.x.ai/v1/chat/completions "HTTP/1.1 200 OK"
2026-02-08 22:17:07,913 INFO HTTP Request: POST https://api.x.ai/v1/chat/completions "HTTP/1.1 200 OK"
2026-02-08 22:17:09,456 INFO HTTP Request: POST https://api.x.ai/v1/chat/completions "HTTP/1.1 200 OK"
2026-02-08 22:17:10,290 INFO HTTP Request: POST https://api.x.ai/v1/chat/completions "HTTP/1.1 200 OK"
2026-02-08 22:17:10,654 INFO HTTP Request: POST https://api.x.ai/v1/chat/completions "HTTP/1.1 200 OK"
2026-02-08 22:17:11,037 INFO HTTP Request: POST https://api.x.ai/v1/chat/completions "HTTP/1.1 200 OK"
2026-02-08 22:17:16,693 INFO HTTP Request: POST https://api.x.ai/v1/chat/completions "HTTP/1.1 200 OK"
2026-02-08 22:32:55,915 INFO HTTP Request: HEAD https://huggingface.co/datasets/Exploration-Lab/IL-TUR/resolve/main/README.md "HTTP/1.1 200 OK"
2026-02-08 22:32:56,080 INFO HTTP Request: HEAD https://huggingface.co/datasets/Exploration-Lab/IL-TUR/resolve/d16219ad0423cc181ec8460d930fd10a907664b6/IL-TUR.py "HTTP/1.1 404 Not Found"
2026-02-08 22:32:56,546 INFO HTTP Request: HEAD https://s3.amazonaws.com/datasets.huggingface.co/datasets/datasets/Exploration-Lab/IL-TUR/Exploration-Lab/IL-TUR.py "HTTP/1.1 404 Not Found"
2026-02-08 22:32:56,800 INFO HTTP Request: GET https://huggingface.co/api/datasets/Exploration-Lab/IL-TUR/revision/d16219ad0423cc181ec8460d930fd10a907664b6 "HTTP/1.1 200 OK"
2026-02-08 22:32:57,048 INFO HTTP Request: HEAD https://huggingface.co/datasets/Exploration-Lab/IL-TUR/resolve/d16219ad0423cc181ec8460d930fd10a907664b6/.huggingface.yaml "HTTP/1.1 404 Not Found"
2026-02-08 22:32:57,357 INFO HTTP Request: GET https://datasets-server.huggingface.co/info?dataset=Exploration-Lab/IL-TUR "HTTP/1.1 200 OK"
2026-02-08 22:32:57,536 INFO HTTP Request: GET https://huggingface.co/api/datasets/Exploration-Lab/IL-TUR/tree/d16219ad0423cc181ec8460d930fd10a907664b6/lner?recursive=true&expand=false "HTTP/1.1 200 OK"
2026-02-08 22:32:57,715 INFO HTTP Request: GET https://huggingface.co/api/datasets/Exploration-Lab/IL-TUR/tree/d16219ad0423cc181ec8460d930fd10a907664b6?recursive=false&expand=false "HTTP/1.1 200 OK"
2026-02-08 22:32:57,897 INFO HTTP Request: HEAD https://huggingface.co/datasets/Exploration-Lab/IL-TUR/resolve/d16219ad0423cc181ec8460d930fd10a907664b6/dataset_infos.json "HTTP/1.1 404 Not Found"
2026-02-08 22:32:58,076 INFO HTTP Request: GET https://huggingface.co/api/datasets/Exploration-Lab/IL-TUR/tree/d16219ad0423cc181ec8460d930fd10a907664b6/cjpe?recursive=true&expand=false "HTTP/1.1 200 OK"
2026-02-08 22:32:58,289 WARNING Corrupt file 1952_80.json, removing
2026-02-08 22:32:58,300 WARNING Corrupt file 1954_7.json, removing
2026-02-08 22:33:13,005 INFO HTTP Request: POST https://api.x.ai/v1/chat/completions "HTTP/1.1 200 OK"
2026-02-08 22:33:17,229 INFO HTTP Request: POST https://api.x.ai/v1/chat/completions "HTTP/1.1 200 OK"
2026-02-08 22:33:19,158 INFO HTTP Request: POST https://api.x.ai/v1/chat/completions "HTTP/1.1 200 OK"
2026-02-08 22:33:19,343 INFO HTTP Request: POST https://api.x.ai/v1/chat/completions "HTTP/1.1 200 OK"
2026-02-08 22:33:20,048 INFO HTTP Request: POST https://api.x.ai/v1/chat/completions "HTTP/1.1 200 OK"
2026-02-08 22:33:20,216 INFO HTTP Request: POST https://api.x.ai/v1/chat/completions "HTTP/1.1 200 OK"
2026-02-08 22:33:22,071 INFO HTTP Request: POST https://api.x.ai/v1/chat/completions "HTTP/1.1 200 OK"
2026-02-08 22:33:22,503 INFO HTTP Request: POST https://api.x.ai/v1/chat/completions "HTTP/1.1 200 OK"
2026-02-08 22:33:23,098 INFO HTTP Request: POST https://api.x.ai/v1/chat/completions "HTTP/1.1 200 OK"
2026-02-08 22:33:24,075 INFO HTTP Request: POST https://api.x.ai/v1/chat/completions "HTTP/1.1 200 OK"
2026-02-08 22:33:24,104 INFO HTTP Request: POST https://api.x.ai/v1/chat/completions "HTTP/1.1 200 OK"
2026-02-08 22:33:24,207 INFO HTTP Request: POST https://api.x.ai/v1/chat/completions "HTTP/1.1 200 OK"
2026-02-08 22:33:24,341 INFO HTTP Request: POST https://api.x.ai/v1/chat/completions "HTTP/1.1 200 OK"
2026-02-08 22:33:24,506 INFO HTTP Request: POST https://api.x.ai/v1/chat/completions "HTTP/1.1 200 OK"
2026-02-08 22:33:24,990 INFO HTTP Request: POST https://api.x.ai/v1/chat/completions "HTTP/1.1 200 OK"
2026-02-08 22:33:25,788 INFO HTTP Request: POST https://api.x.ai/v1/chat/completions "HTTP/1.1 200 OK"
2026-02-08 22:33:28,444 INFO HTTP Request: POST https://api.x.ai/v1/chat/completions "HTTP/1.1 200 OK"
2026-02-08 22:33:28,553 INFO HTTP Request: POST https://api.x.ai/v1/chat/completions "HTTP/1.1 200 OK"
2026-02-08 22:33:33,432 INFO HTTP Request: POST https://api.x.ai/v1/chat/completions "HTTP/1.1 200 OK"
2026-02-08 22:33:36,309 INFO HTTP Request: POST https://api.x.ai/v1/chat/completions "HTTP/1.1 200 OK"
2026-02-08 22:33:52,569 INFO HTTP Request: POST https://api.x.ai/v1/chat/completions "HTTP/1.1 200 OK"
2026-02-08 22:33:53,816 INFO HTTP Request: POST https://api.x.ai/v1/chat/completions "HTTP/1.1 200 OK"
2026-02-08 22:33:54,791 INFO HTTP Request: POST https://api.x.ai/v1/chat/completions "HTTP/1.1 200 OK"
2026-02-08 22:33:55,123 INFO HTTP Request: POST https://api.x.ai/v1/chat/completions "HTTP/1.1 200 OK"
2026-02-08 22:33:55,813 INFO HTTP Request: POST https://api.x.ai/v1/chat/completions "HTTP/1.1 200 OK"
2026-02-08 22:33:55,921 INFO HTTP Request: POST https://api.x.ai/v1/chat/completions "HTTP/1.1 200 OK"
2026-02-08 22:33:56,890 INFO HTTP Request: POST https://api.x.ai/v1/chat/completions "HTTP/1.1 200 OK"
2026-02-08 22:33:58,716 INFO HTTP Request: POST https://api.x.ai/v1/chat/completions "HTTP/1.1 200 OK"
2026-02-08 22:33:58,751 INFO HTTP Request: POST https://api.x.ai/v1/chat/completions "HTTP/1.1 200 OK"
2026-02-08 22:33:58,826 INFO HTTP Request: POST https://api.x.ai/v1/chat/completions "HTTP/1.1 200 OK"
2026-02-08 22:34:00,614 INFO HTTP Request: POST https://api.x.ai/v1/chat/completions "HTTP/1.1 200 OK"
2026-02-08 22:34:02,083 INFO HTTP Request: POST https://api.x.ai/v1/chat/completions "HTTP/1.1 200 OK"
2026-02-08 22:34:02,752 INFO HTTP Request: POST https://api.x.ai/v1/chat/completions "HTTP/1.1 200 OK"
2026-02-08 22:34:03,480 INFO HTTP Request: POST https://api.x.ai/v1/chat/completions "HTTP/1.1 200 OK"
2026-02-08 22:34:04,266 INFO HTTP Request: POST https://api.x.ai/v1/chat/completions "HTTP/1.1 200 OK"
2026-02-08 22:34:04,785 INFO HTTP Request: POST https://api.x.ai/v1/chat/completions "HTTP/1.1 200 OK"
2026-02-08 22:34:07,999 INFO HTTP Request: POST https://api.x.ai/v1/chat/completions "HTTP/1.1 200 OK"
2026-02-08 22:34:08,261 INFO HTTP Request: POST https://api.x.ai/v1/chat/completions "HTTP/1.1 200 OK"
2026-02-08 22:34:10,152 INFO HTTP Request: POST https://api.x.ai/v1/chat/completions "HTTP/1.1 200 OK"
2026-02-08 22:34:30,081 INFO HTTP Request: POST https://api.x.ai/v1/chat/completions "HTTP/1.1 200 OK"
2026-02-08 22:34:46,943 INFO HTTP Request: POST https://api.x.ai/v1/chat/completions "HTTP/1.1 200 OK"
2026-02-08 22:34:48,315 INFO HTTP Request: POST https://api.x.ai/v1/chat/completions "HTTP/1.1 200 OK"
2026-02-08 22:34:49,291 INFO HTTP Request: POST https://api.x.ai/v1/chat/completions "HTTP/1.1 200 OK"
2026-02-08 22:34:51,516 INFO HTTP Request: POST https://api.x.ai/v1/chat/completions "HTTP/1.1 200 OK"
2026-02-08 22:34:52,012 INFO HTTP Request: POST https://api.x.ai/v1/chat/completions "HTTP/1.1 200 OK"
2026-02-08 22:34:52,513 INFO HTTP Request: POST https://api.x.ai/v1/chat/completions "HTTP/1.1 200 OK"
2026-02-08 22:34:52,651 INFO HTTP Request: POST https://api.x.ai/v1/chat/completions "HTTP/1.1 200 OK"
2026-02-08 22:34:54,833 INFO HTTP Request: POST https://api.x.ai/v1/chat/completions "HTTP/1.1 200 OK"
2026-02-08 22:34:54,952 INFO HTTP Request: POST https://api.x.ai/v1/chat/completions "HTTP/1.1 200 OK"
2026-02-08 22:34:55,229 INFO HTTP Request: POST https://api.x.ai/v1/chat/completions "HTTP/1.1 200 OK"
2026-02-08 22:34:55,478 INFO HTTP Request: POST https://api.x.ai/v1/chat/completions "HTTP/1.1 200 OK"
2026-02-08 22:34:55,653 INFO HTTP Request: POST https://api.x.ai/v1/chat/completions "HTTP/1.1 200 OK"
2026-02-08 22:34:57,758 INFO HTTP Request: POST https://api.x.ai/v1/chat/completions "HTTP/1.1 200 OK"
2026-02-08 22:35:00,744 INFO HTTP Request: POST https://api.x.ai/v1/chat/completions "HTTP/1.1 200 OK"
2026-02-08 22:35:00,828 INFO HTTP Request: POST https://api.x.ai/v1/chat/completions "HTTP/1.1 200 OK"
2026-02-08 22:35:02,131 INFO HTTP Request: POST https://api.x.ai/v1/chat/completions "HTTP/1.1 200 OK"
2026-02-08 22:35:02,714 INFO HTTP Request: POST https://api.x.ai/v1/chat/completions "HTTP/1.1 200 OK"
2026-02-08 22:35:03,552 INFO HTTP Request: POST https://api.x.ai/v1/chat/completions "HTTP/1.1 200 OK"
2026-02-08 22:35:06,765 INFO HTTP Request: POST https://api.x.ai/v1/chat/completions "HTTP/1.1 200 OK"
2026-02-08 22:35:27,780 INFO HTTP Request: POST https://api.x.ai/v1/chat/completions "HTTP/1.1 200 OK"
2026-02-08 22:35:42,366 INFO HTTP Request: POST https://api.x.ai/v1/chat/completions "HTTP/1.1 200 OK"
2026-02-08 22:35:42,453 INFO HTTP Request: POST https://api.x.ai/v1/chat/completions "HTTP/1.1 200 OK"
2026-02-08 22:35:48,470 INFO HTTP Request: POST https://api.x.ai/v1/chat/completions "HTTP/1.1 200 OK"
2026-02-08 22:35:48,917 INFO HTTP Request: POST https://api.x.ai/v1/chat/completions "HTTP/1.1 200 OK"
2026-02-08 22:35:49,628 INFO HTTP Request: POST https://api.x.ai/v1/chat/completions "HTTP/1.1 200 OK"
2026-02-08 22:35:49,776 INFO HTTP Request: POST https://api.x.ai/v1/chat/completions "HTTP/1.1 200 OK"
2026-02-08 22:35:50,070 INFO HTTP Request: POST https://api.x.ai/v1/chat/completions "HTTP/1.1 200 OK"
2026-02-08 22:35:50,276 INFO HTTP Request: POST https://api.x.ai/v1/chat/completions "HTTP/1.1 200 OK"
2026-02-08 22:35:51,522 INFO HTTP Request: POST https://api.x.ai/v1/chat/completions "HTTP/1.1 200 OK"
2026-02-08 22:35:51,635 INFO HTTP Request: POST https://api.x.ai/v1/chat/completions "HTTP/1.1 200 OK"
2026-02-08 22:35:52,405 INFO HTTP Request: POST https://api.x.ai/v1/chat/completions "HTTP/1.1 200 OK"
2026-02-08 22:35:53,168 INFO HTTP Request: POST https://api.x.ai/v1/chat/completions "HTTP/1.1 200 OK"
2026-02-08 22:35:54,065 INFO HTTP Request: POST https://api.x.ai/v1/chat/completions "HTTP/1.1 200 OK"
2026-02-08 22:35:55,011 INFO HTTP Request: POST https://api.x.ai/v1/chat/completions "HTTP/1.1 200 OK"
2026-02-08 22:35:55,062 INFO HTTP Request: POST https://api.x.ai/v1/chat/completions "HTTP/1.1 200 OK"
2026-02-08 22:35:55,693 INFO HTTP Request: POST https://api.x.ai/v1/chat/completions "HTTP/1.1 200 OK"
2026-02-08 22:35:56,702 INFO HTTP Request: POST https://api.x.ai/v1/chat/completions "HTTP/1.1 200 OK"
2026-02-08 22:36:03,614 INFO HTTP Request: POST https://api.x.ai/v1/chat/completions "HTTP/1.1 200 OK"
2026-02-08 22:36:06,483 INFO HTTP Request: POST https://api.x.ai/v1/chat/completions "HTTP/1.1 200 OK"
2026-02-08 22:36:16,792 INFO HTTP Request: POST https://api.x.ai/v1/chat/completions "HTTP/1.1 200 OK"
2026-02-08 22:36:32,782 INFO HTTP Request: POST https://api.x.ai/v1/chat/completions "HTTP/1.1 200 OK"
2026-02-08 22:36:34,542 INFO HTTP Request: POST https://api.x.ai/v1/chat/completions "HTTP/1.1 200 OK"
2026-02-08 22:36:34,542 INFO HTTP Request: POST https://api.x.ai/v1/chat/completions "HTTP/1.1 200 OK"
2026-02-08 22:36:34,864 INFO HTTP Request: POST https://api.x.ai/v1/chat/completions "HTTP/1.1 200 OK"
2026-02-08 22:36:35,321 INFO HTTP Request: POST https://api.x.ai/v1/chat/completions "HTTP/1.1 200 OK"
2026-02-08 22:36:36,067 INFO HTTP Request: POST https://api.x.ai/v1/chat/completions "HTTP/1.1 200 OK"
2026-02-08 22:36:36,737 INFO HTTP Request: POST https://api.x.ai/v1/chat/completions "HTTP/1.1 200 OK"
2026-02-08 22:36:36,872 INFO HTTP Request: POST https://api.x.ai/v1/chat/completions "HTTP/1.1 200 OK"
2026-02-08 22:36:37,316 INFO HTTP Request: POST https://api.x.ai/v1/chat/completions "HTTP/1.1 200 OK"
2026-02-08 22:36:37,804 INFO HTTP Request: POST https://api.x.ai/v1/chat/completions "HTTP/1.1 200 OK"
2026-02-08 22:36:38,396 INFO HTTP Request: POST https://api.x.ai/v1/chat/completions "HTTP/1.1 200 OK"
2026-02-08 22:36:38,782 INFO HTTP Request: POST https://api.x.ai/v1/chat/completions "HTTP/1.1 200 OK"
2026-02-08 22:36:38,970 INFO HTTP Request: POST https://api.x.ai/v1/chat/completions "HTTP/1.1 200 OK"
2026-02-08 22:36:39,516 INFO HTTP Request: POST https://api.x.ai/v1/chat/completions "HTTP/1.1 200 OK"
2026-02-08 22:36:41,131 INFO HTTP Request: POST https://api.x.ai/v1/chat/completions "HTTP/1.1 200 OK"
2026-02-08 22:36:42,843 INFO HTTP Request: POST https://api.x.ai/v1/chat/completions "HTTP/1.1 200 OK"
2026-02-08 22:36:43,241 INFO HTTP Request: POST https://api.x.ai/v1/chat/completions "HTTP/1.1 200 OK"
2026-02-08 22:36:43,445 INFO HTTP Request: POST https://api.x.ai/v1/chat/completions "HTTP/1.1 200 OK"
2026-02-08 22:36:44,321 INFO HTTP Request: POST https://api.x.ai/v1/chat/completions "HTTP/1.1 200 OK"
2026-02-08 22:36:45,702 INFO HTTP Request: POST https://api.x.ai/v1/chat/completions "HTTP/1.1 200 OK"
2026-02-08 22:37:00,926 INFO HTTP Request: POST https://api.x.ai/v1/chat/completions "HTTP/1.1 200 OK"
2026-02-08 22:37:03,501 INFO HTTP Request: POST https://api.x.ai/v1/chat/completions "HTTP/1.1 200 OK"
2026-02-08 22:37:03,746 INFO HTTP Request: POST https://api.x.ai/v1/chat/completions "HTTP/1.1 200 OK"
2026-02-08 22:37:03,800 INFO HTTP Request: POST https://api.x.ai/v1/chat/completions "HTTP/1.1 200 OK"
2026-02-08 22:37:04,391 INFO HTTP Request: POST https://api.x.ai/v1/chat/completions "HTTP/1.1 200 OK"
2026-02-08 22:37:06,006 INFO HTTP Request: POST https://api.x.ai/v1/chat/completions "HTTP/1.1 200 OK"
2026-02-08 22:37:08,351 INFO HTTP Request: POST https://api.x.ai/v1/chat/completions "HTTP/1.1 200 OK"
2026-02-08 22:37:09,093 INFO HTTP Request: POST https://api.x.ai/v1/chat/completions "HTTP/1.1 200 OK"
2026-02-08 22:37:10,894 INFO HTTP Request: POST https://api.x.ai/v1/chat/completions "HTTP/1.1 200 OK"
2026-02-08 22:37:12,683 INFO HTTP Request: POST https://api.x.ai/v1/chat/completions "HTTP/1.1 200 OK"
2026-02-08 22:37:20,952 INFO HTTP Request: POST https://api.x.ai/v1/chat/completions "HTTP/1.1 200 OK"
2026-02-08 22:37:22,267 INFO HTTP Request: POST https://api.x.ai/v1/chat/completions "HTTP/1.1 200 OK"
